[2025-10-17 21:36:14,026] multiqc                                            [DEBUG  ]  No MultiQC config found: /opt/conda/lib/python2.7/site-packages/multiqc_config.yaml
[2025-10-17 21:36:14,026] multiqc                                            [DEBUG  ]  No MultiQC config found: /.multiqc_config.yaml
[2025-10-17 21:36:14,026] multiqc                                            [DEBUG  ]  No MultiQC config found: multiqc_config.yaml
[2025-10-17 21:36:14,026] multiqc                                            [DEBUG  ]  Command used: /opt/conda/bin/multiqc .
[2025-10-17 21:36:15,185] multiqc                                            [WARNING]  MultiQC Version v1.31 now available!
[2025-10-17 21:36:15,186] multiqc                                            [INFO   ]  This is MultiQC v1.5.dev0
[2025-10-17 21:36:15,186] multiqc                                            [DEBUG  ]  Command     : /opt/conda/bin/multiqc .
[2025-10-17 21:36:15,186] multiqc                                            [DEBUG  ]  Working dir : /Users/nadyanovichkova/Projects/PhenoBiome2025/final-project/part2/work/3c/e600dd6713da5d689f608fd30a2d7c
[2025-10-17 21:36:15,186] multiqc                                            [INFO   ]  Template    : default
[2025-10-17 21:36:15,186] multiqc                                            [INFO   ]  Searching '.'
[2025-10-17 21:36:15,189] multiqc                                            [DEBUG  ]  Analysing modules: afterqc, custom_content, conpair, peddy, methylQA, qualimap, preseq, quast, qorts, rna_seqc, rsem, rseqc, busco, goleft_indexcov, disambiguate, supernova, deeptools, sargasso, verifybamid, homer, macs2, theta2, snpeff, gatk, htseq, bcftools, featureCounts, picard, prokka, samblaster, samtools, bamtools, jellyfish, vcftools, bbmap, bismark, hicexplorer, hicup, salmon, kallisto, slamdunk, star, hisat2, tophat, bowtie2, bowtie1, leehom, adapterRemoval, cutadapt, flexbar, trimmomatic, skewer, sortmerna, biobloomtools, fastq_screen, fastqc, clusterflow, bcl2fastq, interop
[2025-10-17 21:36:15,190] multiqc                                            [DEBUG  ]  Using temporary directory for creating report: /tmp/tmp1NQOJz
[2025-10-17 21:36:15,299] multiqc                                            [DEBUG  ]  Ignoring file as matched an ignore pattern: liver_1_fastqc.html
[2025-10-17 21:36:15,299] multiqc                                            [DEBUG  ]  Ignoring file as matched an ignore pattern: liver_2_fastqc.html
[2025-10-17 21:36:15,300] multiqc                                            [DEBUG  ]  Ignoring file as matched an ignore pattern: lung_1_fastqc.html
[2025-10-17 21:36:15,300] multiqc                                            [DEBUG  ]  Ignoring file as matched an ignore pattern: lung_2_fastqc.html
[2025-10-17 21:36:15,300] multiqc                                            [DEBUG  ]  Ignoring file as matched an ignore pattern: gut_1_fastqc.html
[2025-10-17 21:36:15,300] multiqc                                            [DEBUG  ]  Ignoring file as matched an ignore pattern: gut_2_fastqc.html
[2025-10-17 21:36:15,599] multiqc                                            [DEBUG  ]  No samples found: afterqc
[2025-10-17 21:36:15,601] multiqc                                            [DEBUG  ]  No samples found: custom_content
[2025-10-17 21:36:15,603] multiqc                                            [DEBUG  ]  No samples found: conpair
[2025-10-17 21:36:15,604] multiqc                                            [DEBUG  ]  No samples found: peddy
[2025-10-17 21:36:15,606] multiqc                                            [DEBUG  ]  No samples found: methylQA
[2025-10-17 21:36:15,607] multiqc                                            [DEBUG  ]  No samples found: qualimap
[2025-10-17 21:36:15,609] multiqc                                            [DEBUG  ]  No samples found: preseq
[2025-10-17 21:36:15,610] multiqc                                            [DEBUG  ]  No samples found: quast
[2025-10-17 21:36:15,612] multiqc                                            [DEBUG  ]  No samples found: qorts
[2025-10-17 21:36:15,613] multiqc                                            [DEBUG  ]  No samples found: rna_seqc
[2025-10-17 21:36:15,615] multiqc                                            [DEBUG  ]  No samples found: rsem
[2025-10-17 21:36:15,616] multiqc                                            [DEBUG  ]  No samples found: rseqc
[2025-10-17 21:36:15,618] multiqc                                            [DEBUG  ]  No samples found: busco
[2025-10-17 21:36:15,619] multiqc                                            [DEBUG  ]  No samples found: goleft_indexcov
[2025-10-17 21:36:15,621] multiqc                                            [DEBUG  ]  No samples found: disambiguate
[2025-10-17 21:36:15,622] multiqc                                            [DEBUG  ]  No samples found: supernova
[2025-10-17 21:36:15,624] multiqc                                            [DEBUG  ]  No samples found: deeptools
[2025-10-17 21:36:15,625] multiqc                                            [DEBUG  ]  No samples found: sargasso
[2025-10-17 21:36:15,627] multiqc                                            [DEBUG  ]  No samples found: verifybamid
[2025-10-17 21:36:15,628] multiqc                                            [DEBUG  ]  No samples found: homer
[2025-10-17 21:36:15,630] multiqc                                            [DEBUG  ]  No samples found: macs2
[2025-10-17 21:36:15,631] multiqc                                            [DEBUG  ]  No samples found: theta2
[2025-10-17 21:36:15,633] multiqc                                            [DEBUG  ]  No samples found: snpeff
[2025-10-17 21:36:15,634] multiqc                                            [DEBUG  ]  No samples found: gatk
[2025-10-17 21:36:15,636] multiqc                                            [DEBUG  ]  No samples found: htseq
[2025-10-17 21:36:15,637] multiqc                                            [DEBUG  ]  No samples found: bcftools
[2025-10-17 21:36:15,639] multiqc                                            [DEBUG  ]  No samples found: featureCounts
[2025-10-17 21:36:15,641] multiqc                                            [DEBUG  ]  No samples found: picard
[2025-10-17 21:36:15,642] multiqc                                            [DEBUG  ]  No samples found: prokka
[2025-10-17 21:36:15,644] multiqc                                            [DEBUG  ]  No samples found: samblaster
[2025-10-17 21:36:15,645] multiqc                                            [DEBUG  ]  No samples found: samtools
[2025-10-17 21:36:15,647] multiqc                                            [DEBUG  ]  No samples found: bamtools
[2025-10-17 21:36:15,648] multiqc                                            [DEBUG  ]  No samples found: jellyfish
[2025-10-17 21:36:15,650] multiqc                                            [DEBUG  ]  No samples found: vcftools
[2025-10-17 21:36:15,652] multiqc                                            [DEBUG  ]  No samples found: bbmap
[2025-10-17 21:36:15,653] multiqc                                            [DEBUG  ]  No samples found: bismark
[2025-10-17 21:36:15,654] multiqc                                            [DEBUG  ]  No samples found: hicexplorer
[2025-10-17 21:36:15,656] multiqc                                            [DEBUG  ]  No samples found: hicup
[2025-10-17 21:36:15,659] multiqc.modules.salmon.salmon                      [INFO   ]  Found 1 meta reports
[2025-10-17 21:36:15,660] multiqc.modules.salmon.salmon                      [INFO   ]  Found 1 fragment length distributions
[2025-10-17 21:36:15,664] multiqc                                            [DEBUG  ]  No samples found: kallisto
[2025-10-17 21:36:15,665] multiqc                                            [DEBUG  ]  No samples found: slamdunk
[2025-10-17 21:36:15,667] multiqc                                            [DEBUG  ]  No samples found: star
[2025-10-17 21:36:15,668] multiqc                                            [DEBUG  ]  No samples found: hisat2
[2025-10-17 21:36:15,670] multiqc                                            [DEBUG  ]  No samples found: tophat
[2025-10-17 21:36:15,671] multiqc                                            [DEBUG  ]  No samples found: bowtie2
[2025-10-17 21:36:15,673] multiqc                                            [DEBUG  ]  No samples found: bowtie1
[2025-10-17 21:36:15,674] multiqc                                            [DEBUG  ]  No samples found: leehom
[2025-10-17 21:36:15,675] multiqc                                            [DEBUG  ]  No samples found: adapterRemoval
[2025-10-17 21:36:15,677] multiqc                                            [DEBUG  ]  No samples found: cutadapt
[2025-10-17 21:36:15,678] multiqc                                            [DEBUG  ]  No samples found: flexbar
[2025-10-17 21:36:15,680] multiqc                                            [DEBUG  ]  No samples found: trimmomatic
[2025-10-17 21:36:15,681] multiqc                                            [DEBUG  ]  No samples found: skewer
[2025-10-17 21:36:15,682] multiqc                                            [DEBUG  ]  No samples found: sortmerna
[2025-10-17 21:36:15,684] multiqc                                            [DEBUG  ]  No samples found: biobloomtools
[2025-10-17 21:36:15,685] multiqc                                            [DEBUG  ]  No samples found: fastq_screen
[2025-10-17 21:36:15,712] multiqc.modules.fastqc.fastqc                      [INFO   ]  Found 6 reports
[2025-10-17 21:36:15,857] multiqc                                            [DEBUG  ]  No samples found: clusterflow
[2025-10-17 21:36:15,858] multiqc                                            [DEBUG  ]  No samples found: bcl2fastq
[2025-10-17 21:36:15,860] multiqc                                            [DEBUG  ]  No samples found: interop
[2025-10-17 21:36:15,864] multiqc                                            [INFO   ]  Compressing plot data
[2025-10-17 21:36:15,985] multiqc                                            [INFO   ]  Report      : multiqc_report.html
[2025-10-17 21:36:15,985] multiqc                                            [INFO   ]  Data        : multiqc_data
[2025-10-17 21:36:15,986] multiqc                                            [DEBUG  ]  Moving data file from '/tmp/tmp1NQOJz/multiqc_data/multiqc_sources.txt' to '/Users/nadyanovichkova/Projects/PhenoBiome2025/final-project/part2/work/3c/e600dd6713da5d689f608fd30a2d7c/multiqc_data'
[2025-10-17 21:36:15,986] multiqc                                            [DEBUG  ]  Moving data file from '/tmp/tmp1NQOJz/multiqc_data/multiqc_general_stats.txt' to '/Users/nadyanovichkova/Projects/PhenoBiome2025/final-project/part2/work/3c/e600dd6713da5d689f608fd30a2d7c/multiqc_data'
[2025-10-17 21:36:15,987] multiqc                                            [DEBUG  ]  Moving data file from '/tmp/tmp1NQOJz/multiqc_data/multiqc_salmon.txt' to '/Users/nadyanovichkova/Projects/PhenoBiome2025/final-project/part2/work/3c/e600dd6713da5d689f608fd30a2d7c/multiqc_data'
[2025-10-17 21:36:15,987] multiqc                                            [DEBUG  ]  Moving data file from '/tmp/tmp1NQOJz/multiqc_data/multiqc_fastqc.txt' to '/Users/nadyanovichkova/Projects/PhenoBiome2025/final-project/part2/work/3c/e600dd6713da5d689f608fd30a2d7c/multiqc_data'
[2025-10-17 21:36:15,988] multiqc                                            [DEBUG  ]  Moving data file from '/tmp/tmp1NQOJz/multiqc_data/multiqc_data.json' to '/Users/nadyanovichkova/Projects/PhenoBiome2025/final-project/part2/work/3c/e600dd6713da5d689f608fd30a2d7c/multiqc_data'
[2025-10-17 21:36:16,053] multiqc                                            [INFO   ]  MultiQC complete
