WARNING: The requested image's platform (linux/amd64) does not match the detected host platform (linux/arm64/v8) and no specific platform was requested
Version Info: ### PLEASE UPGRADE SALMON ###
### A newer version of salmon with important bug fixes and improvements is available. ####
###
The newest version, available at https://github.com/COMBINE-lab/salmon/releases
contains new features, improvements, and bug fixes; please upgrade at your
earliest convenience.
###
Sign up for the salmon mailing list to hear about new versions, features and updates at:
https://oceangenomics.com/subscribe
###
### salmon (mapping-based) v1.0.0
### [ program ] => salmon 
### [ command ] => quant 
### [ threads ] => { 1 }
### [ libType ] => { U }
### [ index ] => { salmon_index }
### [ mates1 ] => { gut_1.fq }
### [ mates2 ] => { gut_2.fq }
### [ output ] => { gut }
Logs will be written to gut/logs
[2025-10-17 21:44:13.953] [jointLog] [info] Fragment incompatibility prior below threshold.  Incompatible fragments will be ignored.
[2025-10-17 21:44:13.953] [jointLog] [info] Usage of --validateMappings implies use of minScoreFraction. Since not explicitly specified, it is being set to 0.65
[2025-10-17 21:44:13.954] [jointLog] [info] Usage of --validateMappings implies a default consensus slack of 0.2. Setting consensusSlack to 0.35.
[2025-10-17 21:44:13.954] [jointLog] [info] parsing read library format
[2025-10-17 21:44:13.954] [jointLog] [info] There is 1 library.
-----------------------------------------
| Loading contig table | Time = 742.96 us
-----------------------------------------
size = 14
-----------------------------------------
| Loading contig offsets | Time = 694.92 us
-----------------------------------------
-----------------------------------------
| Loading reference lengths | Time = 118.88 us
-----------------------------------------
-----------------------------------------
| Loading mphf table | Time = 662.54 us
-----------------------------------------
size = 171333
Number of ones: 13
Number of ones per inventory item: 512
Inventory entries filled: 1
-----------------------------------------
| Loading contig boundaries | Time = 1.0918 ms
-----------------------------------------
size = 171333
-----------------------------------------
| Loading sequence | Time = 302.5 us
-----------------------------------------
size = 170943
-----------------------------------------
| Loading positions | Time = 518.25 us
-----------------------------------------
size = 171001
-----------------------------------------
| Loading reference sequence | Time = 3.6082 ms
-----------------------------------------
[2025-10-17 21:44:13.983] [jointLog] [info] Loading pufferfish index
[2025-10-17 21:44:13.984] [jointLog] [info] Loading dense pufferfish index.
-----------------------------------------
| Loading reference accumulative lengths | Time = 234.12 us
-----------------------------------------




[2025-10-17 21:44:13.997] [jointLog] [info] done
[2025-10-17 21:44:13.997] [jointLog] [info] Index contained 1 targets
[2025-10-17 21:44:13.998] [jointLog] [info] Number of decoys : 0
[2025-10-17 21:44:13.998] [jointLog] [info] First decoy index : 18446744073709551615 








[2025-10-17 21:44:14.056] [jointLog] [info] Computed 1 rich equivalence classes for further processing
[2025-10-17 21:44:14.056] [jointLog] [info] Counted 2058 total reads in the equivalence classes 
[2025-10-17 21:44:14.057] [jointLog] [info] Number of mappings discarded because of alignment score : 1540
[2025-10-17 21:44:14.057] [jointLog] [info] Number of fragments entirely discarded because of alignment score : 874
[2025-10-17 21:44:14.057] [jointLog] [info] Number of fragments discarded because they are best-mapped to decoys : 0
[2025-10-17 21:44:14.057] [jointLog] [info] Number of fragments discarded because they have only dovetail (discordant) mappings to valid targets : 1037
[2025-10-17 21:44:14.058] [jointLog] [warning] Only 2058 fragments were mapped, but the number of burn-in fragments was set to 5000000.
The effective lengths have been computed using the observed mappings.

[2025-10-17 21:44:14.058] [jointLog] [info] Mapping rate = 70.0715%

[2025-10-17 21:44:14.058] [jointLog] [info] finished quantifyLibrary()
[2025-10-17 21:44:14.060] [jointLog] [info] Starting optimizer
[2025-10-17 21:44:14.065] [jointLog] [info] Marked 0 weighted equivalence classes as degenerate
[2025-10-17 21:44:14.066] [jointLog] [info] iteration = 0 | max rel diff. = 2.20966e-16
[2025-10-17 21:44:14.066] [jointLog] [info] iteration = 100 | max rel diff. = 0
[2025-10-17 21:44:14.066] [jointLog] [info] Finished optimizer
[2025-10-17 21:44:14.066] [jointLog] [info] writing output 

[2025-10-17 21:44:14.068] [jointLog] [warning] NOTE: Read Lib [[ gut_1.fq, gut_2.fq]] :

Detected a *potential* strand bias > 1% in an unstranded protocol check the file: gut/lib_format_counts.json for details

