[2025-10-17 21:37:02.983] [puff::index::jointLog] [info] Running fixFasta
[2025-10-17 21:37:03.006] [puff::index::jointLog] [info] Replaced 0 non-ATCG nucleotides
[2025-10-17 21:37:03.007] [puff::index::jointLog] [info] Clipped poly-A tails from 0 transcripts
[2025-10-17 21:37:03.016] [puff::index::jointLog] [info] Filter size not provided; estimating from number of distinct k-mers
[2025-10-17 21:37:03.021] [puff::index::jointLog] [info] ntHll estimated 147846 distinct k-mers, setting filter size to 2^22
[2025-10-17 21:37:03.129] [puff::index::jointLog] [info] Setting the index/BinaryGfa directory salmon_index
[2025-10-17 21:37:03.132] [puff::index::jointLog] [info] Done wrapping the rank vector with a rank9sel structure.
[2025-10-17 21:37:03.133] [puff::index::jointLog] [info] contig count for validation: 13
[2025-10-17 21:37:03.134] [puff::index::jointLog] [info] Total # of Contigs : 13
[2025-10-17 21:37:03.134] [puff::index::jointLog] [info] Total # of numerical Contigs : 13
[2025-10-17 21:37:03.135] [puff::index::jointLog] [info] 
Total # of segments we have position for : 13
[2025-10-17 21:37:03.136] [puff::index::jointLog] [info] total contig vec entries 17
[2025-10-17 21:37:03.136] [puff::index::jointLog] [info] bits per offset entry 5
[2025-10-17 21:37:03.137] [puff::index::jointLog] [info] there were 1  equivalence classes
[2025-10-17 21:37:03.138] [puff::index::jointLog] [info] # segments = 13
[2025-10-17 21:37:03.138] [puff::index::jointLog] [info] total length = 171333
[2025-10-17 21:37:03.138] [puff::index::jointLog] [info] Reading the reference files ...
[2025-10-17 21:37:03.140] [puff::index::jointLog] [info] positional integer width = 18
[2025-10-17 21:37:03.140] [puff::index::jointLog] [info] seqSize = 171333
[2025-10-17 21:37:03.140] [puff::index::jointLog] [info] rankSize = 171333
[2025-10-17 21:37:03.140] [puff::index::jointLog] [info] edgeVecSize = 0
[2025-10-17 21:37:03.140] [puff::index::jointLog] [info] num keys = 170943
[2025-10-17 21:37:03.170] [puff::index::jointLog] [info] mphf size = 0.107491 MB
[2025-10-17 21:37:03.171] [puff::index::jointLog] [info] chunk size = 171333
[2025-10-17 21:37:03.171] [puff::index::jointLog] [info] chunk 0 = [0, 171303)
[2025-10-17 21:37:03.177] [puff::index::jointLog] [info] finished populating pos vector
[2025-10-17 21:37:03.177] [puff::index::jointLog] [info] writing index components
[2025-10-17 21:37:03.181] [puff::index::jointLog] [info] finished writing dense pufferfish index
