[2025-10-17 21:44:16,948] multiqc                                            [DEBUG  ]  No MultiQC config found: /opt/conda/lib/python2.7/site-packages/multiqc_config.yaml
[2025-10-17 21:44:16,948] multiqc                                            [DEBUG  ]  No MultiQC config found: /.multiqc_config.yaml
[2025-10-17 21:44:16,948] multiqc                                            [DEBUG  ]  No MultiQC config found: multiqc_config.yaml
[2025-10-17 21:44:16,948] multiqc                                            [DEBUG  ]  Command used: /opt/conda/bin/multiqc .
[2025-10-17 21:44:18,143] multiqc                                            [WARNING]  MultiQC Version v1.31 now available!
[2025-10-17 21:44:18,144] multiqc                                            [INFO   ]  This is MultiQC v1.5.dev0
[2025-10-17 21:44:18,144] multiqc                                            [DEBUG  ]  Command     : /opt/conda/bin/multiqc .
[2025-10-17 21:44:18,144] multiqc                                            [DEBUG  ]  Working dir : /Users/nadyanovichkova/Projects/PhenoBiome2025/final-project/part2/work/38/15e05abbcb95dfeb2b9c7efc205703
[2025-10-17 21:44:18,145] multiqc                                            [INFO   ]  Template    : default
[2025-10-17 21:44:18,145] multiqc                                            [INFO   ]  Searching '.'
[2025-10-17 21:44:18,146] multiqc                                            [DEBUG  ]  Analysing modules: afterqc, custom_content, conpair, peddy, methylQA, qualimap, preseq, quast, qorts, rna_seqc, rsem, rseqc, busco, goleft_indexcov, disambiguate, supernova, deeptools, sargasso, verifybamid, homer, macs2, theta2, snpeff, gatk, htseq, bcftools, featureCounts, picard, prokka, samblaster, samtools, bamtools, jellyfish, vcftools, bbmap, bismark, hicexplorer, hicup, salmon, kallisto, slamdunk, star, hisat2, tophat, bowtie2, bowtie1, leehom, adapterRemoval, cutadapt, flexbar, trimmomatic, skewer, sortmerna, biobloomtools, fastq_screen, fastqc, clusterflow, bcl2fastq, interop
[2025-10-17 21:44:18,147] multiqc                                            [DEBUG  ]  Using temporary directory for creating report: /tmp/tmpW9W5UN
[2025-10-17 21:44:18,257] multiqc                                            [DEBUG  ]  Ignoring file as matched an ignore pattern: gut_1_fastqc.html
[2025-10-17 21:44:18,258] multiqc                                            [DEBUG  ]  Ignoring file as matched an ignore pattern: gut_2_fastqc.html
[2025-10-17 21:44:18,551] multiqc                                            [DEBUG  ]  No samples found: afterqc
[2025-10-17 21:44:18,553] multiqc                                            [DEBUG  ]  No samples found: custom_content
[2025-10-17 21:44:18,554] multiqc                                            [DEBUG  ]  No samples found: conpair
[2025-10-17 21:44:18,555] multiqc                                            [DEBUG  ]  No samples found: peddy
[2025-10-17 21:44:18,557] multiqc                                            [DEBUG  ]  No samples found: methylQA
[2025-10-17 21:44:18,558] multiqc                                            [DEBUG  ]  No samples found: qualimap
[2025-10-17 21:44:18,560] multiqc                                            [DEBUG  ]  No samples found: preseq
[2025-10-17 21:44:18,561] multiqc                                            [DEBUG  ]  No samples found: quast
[2025-10-17 21:44:18,563] multiqc                                            [DEBUG  ]  No samples found: qorts
[2025-10-17 21:44:18,564] multiqc                                            [DEBUG  ]  No samples found: rna_seqc
[2025-10-17 21:44:18,566] multiqc                                            [DEBUG  ]  No samples found: rsem
[2025-10-17 21:44:18,567] multiqc                                            [DEBUG  ]  No samples found: rseqc
[2025-10-17 21:44:18,569] multiqc                                            [DEBUG  ]  No samples found: busco
[2025-10-17 21:44:18,570] multiqc                                            [DEBUG  ]  No samples found: goleft_indexcov
[2025-10-17 21:44:18,572] multiqc                                            [DEBUG  ]  No samples found: disambiguate
[2025-10-17 21:44:18,573] multiqc                                            [DEBUG  ]  No samples found: supernova
[2025-10-17 21:44:18,575] multiqc                                            [DEBUG  ]  No samples found: deeptools
[2025-10-17 21:44:18,576] multiqc                                            [DEBUG  ]  No samples found: sargasso
[2025-10-17 21:44:18,578] multiqc                                            [DEBUG  ]  No samples found: verifybamid
[2025-10-17 21:44:18,579] multiqc                                            [DEBUG  ]  No samples found: homer
[2025-10-17 21:44:18,581] multiqc                                            [DEBUG  ]  No samples found: macs2
[2025-10-17 21:44:18,582] multiqc                                            [DEBUG  ]  No samples found: theta2
[2025-10-17 21:44:18,583] multiqc                                            [DEBUG  ]  No samples found: snpeff
[2025-10-17 21:44:18,585] multiqc                                            [DEBUG  ]  No samples found: gatk
[2025-10-17 21:44:18,586] multiqc                                            [DEBUG  ]  No samples found: htseq
[2025-10-17 21:44:18,588] multiqc                                            [DEBUG  ]  No samples found: bcftools
[2025-10-17 21:44:18,589] multiqc                                            [DEBUG  ]  No samples found: featureCounts
[2025-10-17 21:44:18,591] multiqc                                            [DEBUG  ]  No samples found: picard
[2025-10-17 21:44:18,592] multiqc                                            [DEBUG  ]  No samples found: prokka
[2025-10-17 21:44:18,594] multiqc                                            [DEBUG  ]  No samples found: samblaster
[2025-10-17 21:44:18,595] multiqc                                            [DEBUG  ]  No samples found: samtools
[2025-10-17 21:44:18,597] multiqc                                            [DEBUG  ]  No samples found: bamtools
[2025-10-17 21:44:18,598] multiqc                                            [DEBUG  ]  No samples found: jellyfish
[2025-10-17 21:44:18,600] multiqc                                            [DEBUG  ]  No samples found: vcftools
[2025-10-17 21:44:18,602] multiqc                                            [DEBUG  ]  No samples found: bbmap
[2025-10-17 21:44:18,603] multiqc                                            [DEBUG  ]  No samples found: bismark
[2025-10-17 21:44:18,605] multiqc                                            [DEBUG  ]  No samples found: hicexplorer
[2025-10-17 21:44:18,606] multiqc                                            [DEBUG  ]  No samples found: hicup
[2025-10-17 21:44:18,609] multiqc.modules.salmon.salmon                      [INFO   ]  Found 1 meta reports
[2025-10-17 21:44:18,610] multiqc.modules.salmon.salmon                      [INFO   ]  Found 1 fragment length distributions
[2025-10-17 21:44:18,614] multiqc                                            [DEBUG  ]  No samples found: kallisto
[2025-10-17 21:44:18,615] multiqc                                            [DEBUG  ]  No samples found: slamdunk
[2025-10-17 21:44:18,617] multiqc                                            [DEBUG  ]  No samples found: star
[2025-10-17 21:44:18,618] multiqc                                            [DEBUG  ]  No samples found: hisat2
[2025-10-17 21:44:18,619] multiqc                                            [DEBUG  ]  No samples found: tophat
[2025-10-17 21:44:18,621] multiqc                                            [DEBUG  ]  No samples found: bowtie2
[2025-10-17 21:44:18,622] multiqc                                            [DEBUG  ]  No samples found: bowtie1
[2025-10-17 21:44:18,624] multiqc                                            [DEBUG  ]  No samples found: leehom
[2025-10-17 21:44:18,625] multiqc                                            [DEBUG  ]  No samples found: adapterRemoval
[2025-10-17 21:44:18,626] multiqc                                            [DEBUG  ]  No samples found: cutadapt
[2025-10-17 21:44:18,628] multiqc                                            [DEBUG  ]  No samples found: flexbar
[2025-10-17 21:44:18,629] multiqc                                            [DEBUG  ]  No samples found: trimmomatic
[2025-10-17 21:44:18,631] multiqc                                            [DEBUG  ]  No samples found: skewer
[2025-10-17 21:44:18,632] multiqc                                            [DEBUG  ]  No samples found: sortmerna
[2025-10-17 21:44:18,633] multiqc                                            [DEBUG  ]  No samples found: biobloomtools
[2025-10-17 21:44:18,635] multiqc                                            [DEBUG  ]  No samples found: fastq_screen
[2025-10-17 21:44:18,646] multiqc.modules.fastqc.fastqc                      [INFO   ]  Found 2 reports
[2025-10-17 21:44:18,701] multiqc                                            [DEBUG  ]  No samples found: clusterflow
[2025-10-17 21:44:18,703] multiqc                                            [DEBUG  ]  No samples found: bcl2fastq
[2025-10-17 21:44:18,704] multiqc                                            [DEBUG  ]  No samples found: interop
[2025-10-17 21:44:18,707] multiqc                                            [INFO   ]  Compressing plot data
[2025-10-17 21:44:18,766] multiqc                                            [INFO   ]  Report      : multiqc_report.html
[2025-10-17 21:44:18,766] multiqc                                            [INFO   ]  Data        : multiqc_data
[2025-10-17 21:44:18,766] multiqc                                            [DEBUG  ]  Moving data file from '/tmp/tmpW9W5UN/multiqc_data/multiqc_sources.txt' to '/Users/nadyanovichkova/Projects/PhenoBiome2025/final-project/part2/work/38/15e05abbcb95dfeb2b9c7efc205703/multiqc_data'
[2025-10-17 21:44:18,767] multiqc                                            [DEBUG  ]  Moving data file from '/tmp/tmpW9W5UN/multiqc_data/multiqc_general_stats.txt' to '/Users/nadyanovichkova/Projects/PhenoBiome2025/final-project/part2/work/38/15e05abbcb95dfeb2b9c7efc205703/multiqc_data'
[2025-10-17 21:44:18,768] multiqc                                            [DEBUG  ]  Moving data file from '/tmp/tmpW9W5UN/multiqc_data/multiqc_salmon.txt' to '/Users/nadyanovichkova/Projects/PhenoBiome2025/final-project/part2/work/38/15e05abbcb95dfeb2b9c7efc205703/multiqc_data'
[2025-10-17 21:44:18,768] multiqc                                            [DEBUG  ]  Moving data file from '/tmp/tmpW9W5UN/multiqc_data/multiqc_fastqc.txt' to '/Users/nadyanovichkova/Projects/PhenoBiome2025/final-project/part2/work/38/15e05abbcb95dfeb2b9c7efc205703/multiqc_data'
[2025-10-17 21:44:18,769] multiqc                                            [DEBUG  ]  Moving data file from '/tmp/tmpW9W5UN/multiqc_data/multiqc_data.json' to '/Users/nadyanovichkova/Projects/PhenoBiome2025/final-project/part2/work/38/15e05abbcb95dfeb2b9c7efc205703/multiqc_data'
[2025-10-17 21:44:18,819] multiqc                                            [INFO   ]  MultiQC complete
