[2025-10-17 21:38:03,893] multiqc                                            [DEBUG  ]  No MultiQC config found: /opt/conda/lib/python2.7/site-packages/multiqc_config.yaml
[2025-10-17 21:38:03,893] multiqc                                            [DEBUG  ]  No MultiQC config found: /.multiqc_config.yaml
[2025-10-17 21:38:03,893] multiqc                                            [DEBUG  ]  No MultiQC config found: multiqc_config.yaml
[2025-10-17 21:38:03,893] multiqc                                            [DEBUG  ]  Command used: /opt/conda/bin/multiqc .
[2025-10-17 21:38:06,193] multiqc                                            [WARNING]  MultiQC Version v1.31 now available!
[2025-10-17 21:38:06,193] multiqc                                            [INFO   ]  This is MultiQC v1.5.dev0
[2025-10-17 21:38:06,193] multiqc                                            [DEBUG  ]  Command     : /opt/conda/bin/multiqc .
[2025-10-17 21:38:06,193] multiqc                                            [DEBUG  ]  Working dir : /Users/nadyanovichkova/Projects/PhenoBiome2025/final-project/part2/work/eb/975192421190e3ad914a872dfc9380
[2025-10-17 21:38:06,194] multiqc                                            [INFO   ]  Template    : default
[2025-10-17 21:38:06,194] multiqc                                            [INFO   ]  Searching '.'
[2025-10-17 21:38:06,195] multiqc                                            [DEBUG  ]  Analysing modules: afterqc, custom_content, conpair, peddy, methylQA, qualimap, preseq, quast, qorts, rna_seqc, rsem, rseqc, busco, goleft_indexcov, disambiguate, supernova, deeptools, sargasso, verifybamid, homer, macs2, theta2, snpeff, gatk, htseq, bcftools, featureCounts, picard, prokka, samblaster, samtools, bamtools, jellyfish, vcftools, bbmap, bismark, hicexplorer, hicup, salmon, kallisto, slamdunk, star, hisat2, tophat, bowtie2, bowtie1, leehom, adapterRemoval, cutadapt, flexbar, trimmomatic, skewer, sortmerna, biobloomtools, fastq_screen, fastqc, clusterflow, bcl2fastq, interop
[2025-10-17 21:38:06,198] multiqc                                            [DEBUG  ]  Using temporary directory for creating report: /tmp/tmp4zFppz
[2025-10-17 21:38:06,312] multiqc                                            [DEBUG  ]  Ignoring file as matched an ignore pattern: liver_1_fastqc.html
[2025-10-17 21:38:06,312] multiqc                                            [DEBUG  ]  Ignoring file as matched an ignore pattern: liver_2_fastqc.html
[2025-10-17 21:38:06,313] multiqc                                            [DEBUG  ]  Ignoring file as matched an ignore pattern: lung_1_fastqc.html
[2025-10-17 21:38:06,313] multiqc                                            [DEBUG  ]  Ignoring file as matched an ignore pattern: lung_2_fastqc.html
[2025-10-17 21:38:06,313] multiqc                                            [DEBUG  ]  Ignoring file as matched an ignore pattern: gut_1_fastqc.html
[2025-10-17 21:38:06,313] multiqc                                            [DEBUG  ]  Ignoring file as matched an ignore pattern: gut_2_fastqc.html
[2025-10-17 21:38:06,605] multiqc                                            [DEBUG  ]  No samples found: afterqc
[2025-10-17 21:38:06,606] multiqc                                            [DEBUG  ]  No samples found: custom_content
[2025-10-17 21:38:06,608] multiqc                                            [DEBUG  ]  No samples found: conpair
[2025-10-17 21:38:06,609] multiqc                                            [DEBUG  ]  No samples found: peddy
[2025-10-17 21:38:06,611] multiqc                                            [DEBUG  ]  No samples found: methylQA
[2025-10-17 21:38:06,612] multiqc                                            [DEBUG  ]  No samples found: qualimap
[2025-10-17 21:38:06,614] multiqc                                            [DEBUG  ]  No samples found: preseq
[2025-10-17 21:38:06,615] multiqc                                            [DEBUG  ]  No samples found: quast
[2025-10-17 21:38:06,617] multiqc                                            [DEBUG  ]  No samples found: qorts
[2025-10-17 21:38:06,618] multiqc                                            [DEBUG  ]  No samples found: rna_seqc
[2025-10-17 21:38:06,620] multiqc                                            [DEBUG  ]  No samples found: rsem
[2025-10-17 21:38:06,621] multiqc                                            [DEBUG  ]  No samples found: rseqc
[2025-10-17 21:38:06,623] multiqc                                            [DEBUG  ]  No samples found: busco
[2025-10-17 21:38:06,624] multiqc                                            [DEBUG  ]  No samples found: goleft_indexcov
[2025-10-17 21:38:06,626] multiqc                                            [DEBUG  ]  No samples found: disambiguate
[2025-10-17 21:38:06,627] multiqc                                            [DEBUG  ]  No samples found: supernova
[2025-10-17 21:38:06,629] multiqc                                            [DEBUG  ]  No samples found: deeptools
[2025-10-17 21:38:06,630] multiqc                                            [DEBUG  ]  No samples found: sargasso
[2025-10-17 21:38:06,632] multiqc                                            [DEBUG  ]  No samples found: verifybamid
[2025-10-17 21:38:06,633] multiqc                                            [DEBUG  ]  No samples found: homer
[2025-10-17 21:38:06,635] multiqc                                            [DEBUG  ]  No samples found: macs2
[2025-10-17 21:38:06,636] multiqc                                            [DEBUG  ]  No samples found: theta2
[2025-10-17 21:38:06,637] multiqc                                            [DEBUG  ]  No samples found: snpeff
[2025-10-17 21:38:06,639] multiqc                                            [DEBUG  ]  No samples found: gatk
[2025-10-17 21:38:06,640] multiqc                                            [DEBUG  ]  No samples found: htseq
[2025-10-17 21:38:06,642] multiqc                                            [DEBUG  ]  No samples found: bcftools
[2025-10-17 21:38:06,643] multiqc                                            [DEBUG  ]  No samples found: featureCounts
[2025-10-17 21:38:06,645] multiqc                                            [DEBUG  ]  No samples found: picard
[2025-10-17 21:38:06,646] multiqc                                            [DEBUG  ]  No samples found: prokka
[2025-10-17 21:38:06,648] multiqc                                            [DEBUG  ]  No samples found: samblaster
[2025-10-17 21:38:06,649] multiqc                                            [DEBUG  ]  No samples found: samtools
[2025-10-17 21:38:06,651] multiqc                                            [DEBUG  ]  No samples found: bamtools
[2025-10-17 21:38:06,652] multiqc                                            [DEBUG  ]  No samples found: jellyfish
[2025-10-17 21:38:06,654] multiqc                                            [DEBUG  ]  No samples found: vcftools
[2025-10-17 21:38:06,656] multiqc                                            [DEBUG  ]  No samples found: bbmap
[2025-10-17 21:38:06,657] multiqc                                            [DEBUG  ]  No samples found: bismark
[2025-10-17 21:38:06,658] multiqc                                            [DEBUG  ]  No samples found: hicexplorer
[2025-10-17 21:38:06,660] multiqc                                            [DEBUG  ]  No samples found: hicup
[2025-10-17 21:38:06,663] multiqc.modules.salmon.salmon                      [INFO   ]  Found 1 meta reports
[2025-10-17 21:38:06,664] multiqc.modules.salmon.salmon                      [INFO   ]  Found 1 fragment length distributions
[2025-10-17 21:38:06,668] multiqc                                            [DEBUG  ]  No samples found: kallisto
[2025-10-17 21:38:06,669] multiqc                                            [DEBUG  ]  No samples found: slamdunk
[2025-10-17 21:38:06,671] multiqc                                            [DEBUG  ]  No samples found: star
[2025-10-17 21:38:06,672] multiqc                                            [DEBUG  ]  No samples found: hisat2
[2025-10-17 21:38:06,673] multiqc                                            [DEBUG  ]  No samples found: tophat
[2025-10-17 21:38:06,675] multiqc                                            [DEBUG  ]  No samples found: bowtie2
[2025-10-17 21:38:06,676] multiqc                                            [DEBUG  ]  No samples found: bowtie1
[2025-10-17 21:38:06,678] multiqc                                            [DEBUG  ]  No samples found: leehom
[2025-10-17 21:38:06,679] multiqc                                            [DEBUG  ]  No samples found: adapterRemoval
[2025-10-17 21:38:06,680] multiqc                                            [DEBUG  ]  No samples found: cutadapt
[2025-10-17 21:38:06,682] multiqc                                            [DEBUG  ]  No samples found: flexbar
[2025-10-17 21:38:06,683] multiqc                                            [DEBUG  ]  No samples found: trimmomatic
[2025-10-17 21:38:06,685] multiqc                                            [DEBUG  ]  No samples found: skewer
[2025-10-17 21:38:06,686] multiqc                                            [DEBUG  ]  No samples found: sortmerna
[2025-10-17 21:38:06,687] multiqc                                            [DEBUG  ]  No samples found: biobloomtools
[2025-10-17 21:38:06,689] multiqc                                            [DEBUG  ]  No samples found: fastq_screen
[2025-10-17 21:38:06,716] multiqc.modules.fastqc.fastqc                      [INFO   ]  Found 6 reports
[2025-10-17 21:38:06,858] multiqc                                            [DEBUG  ]  No samples found: clusterflow
[2025-10-17 21:38:06,860] multiqc                                            [DEBUG  ]  No samples found: bcl2fastq
[2025-10-17 21:38:06,861] multiqc                                            [DEBUG  ]  No samples found: interop
[2025-10-17 21:38:06,866] multiqc                                            [INFO   ]  Compressing plot data
[2025-10-17 21:38:06,985] multiqc                                            [INFO   ]  Report      : multiqc_report.html
[2025-10-17 21:38:06,985] multiqc                                            [INFO   ]  Data        : multiqc_data
[2025-10-17 21:38:06,985] multiqc                                            [DEBUG  ]  Moving data file from '/tmp/tmp4zFppz/multiqc_data/multiqc_sources.txt' to '/Users/nadyanovichkova/Projects/PhenoBiome2025/final-project/part2/work/eb/975192421190e3ad914a872dfc9380/multiqc_data'
[2025-10-17 21:38:06,986] multiqc                                            [DEBUG  ]  Moving data file from '/tmp/tmp4zFppz/multiqc_data/multiqc_general_stats.txt' to '/Users/nadyanovichkova/Projects/PhenoBiome2025/final-project/part2/work/eb/975192421190e3ad914a872dfc9380/multiqc_data'
[2025-10-17 21:38:06,986] multiqc                                            [DEBUG  ]  Moving data file from '/tmp/tmp4zFppz/multiqc_data/multiqc_salmon.txt' to '/Users/nadyanovichkova/Projects/PhenoBiome2025/final-project/part2/work/eb/975192421190e3ad914a872dfc9380/multiqc_data'
[2025-10-17 21:38:06,987] multiqc                                            [DEBUG  ]  Moving data file from '/tmp/tmp4zFppz/multiqc_data/multiqc_fastqc.txt' to '/Users/nadyanovichkova/Projects/PhenoBiome2025/final-project/part2/work/eb/975192421190e3ad914a872dfc9380/multiqc_data'
[2025-10-17 21:38:06,987] multiqc                                            [DEBUG  ]  Moving data file from '/tmp/tmp4zFppz/multiqc_data/multiqc_data.json' to '/Users/nadyanovichkova/Projects/PhenoBiome2025/final-project/part2/work/eb/975192421190e3ad914a872dfc9380/multiqc_data'
[2025-10-17 21:38:07,051] multiqc                                            [INFO   ]  MultiQC complete
