[2025-10-17 21:34:01.180] [puff::index::jointLog] [info] Running fixFasta
[2025-10-17 21:34:01.196] [puff::index::jointLog] [info] Replaced 0 non-ATCG nucleotides
[2025-10-17 21:34:01.196] [puff::index::jointLog] [info] Clipped poly-A tails from 0 transcripts
[2025-10-17 21:34:01.199] [puff::index::jointLog] [info] Filter size not provided; estimating from number of distinct k-mers
[2025-10-17 21:34:01.201] [puff::index::jointLog] [info] ntHll estimated 147846 distinct k-mers, setting filter size to 2^22
[2025-10-17 21:34:01.294] [puff::index::jointLog] [info] Setting the index/BinaryGfa directory salmon_index
[2025-10-17 21:34:01.297] [puff::index::jointLog] [info] Done wrapping the rank vector with a rank9sel structure.
[2025-10-17 21:34:01.298] [puff::index::jointLog] [info] contig count for validation: 13
[2025-10-17 21:34:01.298] [puff::index::jointLog] [info] Total # of Contigs : 13
[2025-10-17 21:34:01.298] [puff::index::jointLog] [info] Total # of numerical Contigs : 13
[2025-10-17 21:34:01.299] [puff::index::jointLog] [info] 
Total # of segments we have position for : 13
[2025-10-17 21:34:01.300] [puff::index::jointLog] [info] total contig vec entries 17
[2025-10-17 21:34:01.300] [puff::index::jointLog] [info] bits per offset entry 5
[2025-10-17 21:34:01.301] [puff::index::jointLog] [info] there were 1  equivalence classes
[2025-10-17 21:34:01.302] [puff::index::jointLog] [info] # segments = 13
[2025-10-17 21:34:01.302] [puff::index::jointLog] [info] total length = 171333
[2025-10-17 21:34:01.302] [puff::index::jointLog] [info] Reading the reference files ...
[2025-10-17 21:34:01.304] [puff::index::jointLog] [info] positional integer width = 18
[2025-10-17 21:34:01.304] [puff::index::jointLog] [info] seqSize = 171333
[2025-10-17 21:34:01.304] [puff::index::jointLog] [info] rankSize = 171333
[2025-10-17 21:34:01.304] [puff::index::jointLog] [info] edgeVecSize = 0
[2025-10-17 21:34:01.304] [puff::index::jointLog] [info] num keys = 170943
[2025-10-17 21:34:01.339] [puff::index::jointLog] [info] mphf size = 0.107491 MB
[2025-10-17 21:34:01.340] [puff::index::jointLog] [info] chunk size = 171333
[2025-10-17 21:34:01.340] [puff::index::jointLog] [info] chunk 0 = [0, 171303)
[2025-10-17 21:34:01.346] [puff::index::jointLog] [info] finished populating pos vector
[2025-10-17 21:34:01.346] [puff::index::jointLog] [info] writing index components
[2025-10-17 21:34:01.350] [puff::index::jointLog] [info] finished writing dense pufferfish index
