[2025-10-17 21:44:13.020] [puff::index::jointLog] [info] Running fixFasta
[2025-10-17 21:44:13.035] [puff::index::jointLog] [info] Replaced 0 non-ATCG nucleotides
[2025-10-17 21:44:13.035] [puff::index::jointLog] [info] Clipped poly-A tails from 0 transcripts
[2025-10-17 21:44:13.038] [puff::index::jointLog] [info] Filter size not provided; estimating from number of distinct k-mers
[2025-10-17 21:44:13.040] [puff::index::jointLog] [info] ntHll estimated 147846 distinct k-mers, setting filter size to 2^22
[2025-10-17 21:44:13.135] [puff::index::jointLog] [info] Setting the index/BinaryGfa directory salmon_index
[2025-10-17 21:44:13.137] [puff::index::jointLog] [info] Done wrapping the rank vector with a rank9sel structure.
[2025-10-17 21:44:13.138] [puff::index::jointLog] [info] contig count for validation: 13
[2025-10-17 21:44:13.139] [puff::index::jointLog] [info] Total # of Contigs : 13
[2025-10-17 21:44:13.139] [puff::index::jointLog] [info] Total # of numerical Contigs : 13
[2025-10-17 21:44:13.139] [puff::index::jointLog] [info] 
Total # of segments we have position for : 13
[2025-10-17 21:44:13.140] [puff::index::jointLog] [info] total contig vec entries 17
[2025-10-17 21:44:13.140] [puff::index::jointLog] [info] bits per offset entry 5
[2025-10-17 21:44:13.141] [puff::index::jointLog] [info] there were 1  equivalence classes
[2025-10-17 21:44:13.142] [puff::index::jointLog] [info] # segments = 13
[2025-10-17 21:44:13.142] [puff::index::jointLog] [info] total length = 171333
[2025-10-17 21:44:13.142] [puff::index::jointLog] [info] Reading the reference files ...
[2025-10-17 21:44:13.144] [puff::index::jointLog] [info] positional integer width = 18
[2025-10-17 21:44:13.144] [puff::index::jointLog] [info] seqSize = 171333
[2025-10-17 21:44:13.144] [puff::index::jointLog] [info] rankSize = 171333
[2025-10-17 21:44:13.144] [puff::index::jointLog] [info] edgeVecSize = 0
[2025-10-17 21:44:13.144] [puff::index::jointLog] [info] num keys = 170943
[2025-10-17 21:44:13.168] [puff::index::jointLog] [info] mphf size = 0.107491 MB
[2025-10-17 21:44:13.169] [puff::index::jointLog] [info] chunk size = 171333
[2025-10-17 21:44:13.169] [puff::index::jointLog] [info] chunk 0 = [0, 171303)
[2025-10-17 21:44:13.175] [puff::index::jointLog] [info] finished populating pos vector
[2025-10-17 21:44:13.175] [puff::index::jointLog] [info] writing index components
[2025-10-17 21:44:13.179] [puff::index::jointLog] [info] finished writing dense pufferfish index
